Watching for file changes with StatReloader
System check identified some issues:

WARNINGS:
todos.Todo: (models.W042) Auto-created primary key used when not defining a primary key type, by default 'django.db.models.AutoField'.
	HINT: Configure the DEFAULT_AUTO_FIELD setting or the TodosConfig.default_auto_field attribute to point to a subclass of AutoField, e.g. 'django.db.models.BigAutoField'.

System check identified 1 issue (0 silenced).
[06/Jan/2023 13:51:00] "GET /todos/ HTTP/1.1" 200 3508
[06/Jan/2023 13:51:01] "GET /static/css/style.css HTTP/1.1" 304 0
Performing system checks...

January 06, 2023 - 13:50:22
Django version 4.1.5, using settings 'todoApp.settings'
Starting development server at http://0.0.0.0:8000/
Quit the server with CONTROL-C.
Watching for file changes with StatReloader
System check identified some issues:

WARNINGS:
todos.Todo: (models.W042) Auto-created primary key used when not defining a primary key type, by default 'django.db.models.AutoField'.
	HINT: Configure the DEFAULT_AUTO_FIELD setting or the TodosConfig.default_auto_field attribute to point to a subclass of AutoField, e.g. 'django.db.models.BigAutoField'.

System check identified 1 issue (0 silenced).
[06/Jan/2023 13:53:27] "GET /todos/ HTTP/1.1" 200 3508
[06/Jan/2023 14:13:50] "GET /todos/ HTTP/1.1" 200 3508
[06/Jan/2023 14:13:50] "GET /static/css/style.css HTTP/1.1" 304 0
